# Logfile created on 2012-10-12 23:19:29 -0500 by logger.rb/v1.2.7
I, [2012-10-12T23:19:29.192000 #24700]  INFO -- : IonLoader.init_server: STARTING
I, [2012-10-12T23:19:37.796000 #24700]  INFO -- : IonLoader.init_server: OK
I, [2012-10-12T23:19:37.864000 #24700]  INFO -- : IonServerLoader.runserver: START
I, [2012-10-12T23:19:37.867000 #24700]  INFO -- : Creating Thread: 'drbthread' - listen on druby://:9119
I, [2012-10-12T23:19:37.868000 #24700]  INFO -- : Creating Thread: 'heartbeat'
I, [2012-10-12T23:19:37.900000 #24700]  INFO -- : HeartBeat: refreshing client 7486e92a-c0a2-3f96-9cdf-1dea72301331
W, [2012-10-12T23:19:38.131000 #24700]  WARN -- : HeartBeat: host down: druby://192.168.1.114:9118 - #<Errno::ECONNREFUSED: Connection refused - Connection refused>
I, [2012-10-12T23:29:33.359000 #24748]  INFO -- : IonLoader.init_server: STARTING
I, [2012-10-12T23:29:36.726000 #24748]  INFO -- : IonLoader.init_server: OK
I, [2012-10-12T23:29:36.793000 #24748]  INFO -- : IonServerLoader.runserver: START
I, [2012-10-12T23:29:36.796000 #24748]  INFO -- : Creating Thread: 'heartbeat'
I, [2012-10-12T23:29:36.796000 #24748]  INFO -- : Creating Thread: 'drbthread' - listen on druby://:9119
I, [2012-10-12T23:29:36.838000 #24748]  INFO -- : HeartBeat: refreshing client 7486e92a-c0a2-3f96-9cdf-1dea72301331
W, [2012-10-12T23:29:36.849000 #24748]  WARN -- : HeartBeat: host down: druby://192.168.1.114:9118 - #<Errno::ECONNREFUSED: Connection refused - Connection refused>
I, [2012-10-12T23:29:59.543000 #24776]  INFO -- : IonLoader.init_server: STARTING
I, [2012-10-12T23:30:03.192000 #24776]  INFO -- : IonLoader.init_server: OK
I, [2012-10-12T23:30:03.262000 #24776]  INFO -- : IonServerLoader.runserver: START
I, [2012-10-12T23:30:03.265000 #24776]  INFO -- : Creating Thread: 'heartbeat'
I, [2012-10-12T23:30:03.265000 #24776]  INFO -- : Creating Thread: 'drbthread' - listen on druby://:9119
I, [2012-10-12T23:30:03.303000 #24776]  INFO -- : HeartBeat: refreshing client 7486e92a-c0a2-3f96-9cdf-1dea72301331
W, [2012-10-12T23:30:03.314000 #24776]  WARN -- : HeartBeat: host down: druby://192.168.1.114:9118 - #<Errno::ECONNREFUSED: Connection refused - Connection refused>
I, [2012-10-14T09:59:10.346000 #27064]  INFO -- : IonLoader.init_server: STARTING
I, [2012-10-14T10:02:28.833000 #27163]  INFO -- : IonLoader.init_server: STARTING
I, [2012-10-14T10:05:06.370000 #27225]  INFO -- : IonLoader.init_server: STARTING
I, [2012-10-15T20:14:07.373000 #29945]  INFO -- : IonLoader.init_server: STARTING
I, [2012-10-15T20:16:23.826000 #29975]  INFO -- : IonLoader.init_server: STARTING
I, [2012-10-15T21:29:38.394000 #30453]  INFO -- : IonLoader.init_server: STARTING
I, [2012-10-15T22:00:12.806000 #30961]  INFO -- : IonLoader.init_server: STARTING
I, [2012-10-15T22:36:17.926000 #32107]  INFO -- : IonLoader.init_server: STARTING
I, [2012-10-15T23:46:25.926000 #36320]  INFO -- : IonLoader.init_server: STARTING
I, [2012-10-15T23:47:10.480000 #36344]  INFO -- : IonLoader.init_server: STARTING
I, [2012-10-15T23:47:14.398000 #36344]  INFO -- : IonLoader.init_server: OK
I, [2012-10-15T23:47:14.489000 #36344]  INFO -- : IonServerLoader.runserver: START
I, [2012-10-15T23:47:14.500000 #36344]  INFO -- : Creating Thread: 'drbthread' - listen on druby://:9119
I, [2012-10-15T23:47:14.509000 #36344]  INFO -- : Creating Thread: 'heartbeat'
I, [2012-10-15T23:47:14.525000 #36344]  INFO -- : HeartBeat: refreshing client 7486e92a-c0a2-3f96-9cdf-1dea72301331
W, [2012-10-15T23:47:14.698000 #36344]  WARN -- : HeartBeat: host down: druby://192.168.1.114:9118 - #<Errno::ECONNREFUSED: Connection refused - Connection refused>
I, [2012-10-15T23:52:38.173000 #36393]  INFO -- : IonLoader.init_server: STARTING
I, [2012-10-15T23:52:42.071000 #36393]  INFO -- : IonLoader.init_server: OK
I, [2012-10-15T23:52:42.152000 #36393]  INFO -- : IonServerLoader.runserver: START
I, [2012-10-15T23:52:42.155000 #36393]  INFO -- : Creating Thread: 'heartbeat'
I, [2012-10-15T23:52:42.155000 #36393]  INFO -- : Creating Thread: 'drbthread' - listen on druby://:9119
I, [2012-10-15T23:52:42.206000 #36393]  INFO -- : HeartBeat: refreshing client 7486e92a-c0a2-3f96-9cdf-1dea72301331
W, [2012-10-15T23:52:42.218000 #36393]  WARN -- : HeartBeat: host down: druby://192.168.1.114:9118 - #<Errno::ECONNREFUSED: Connection refused - Connection refused>
I, [2012-10-17T12:29:39.718000 #41547]  INFO -- : IonLoader.init_server: STARTING
I, [2012-10-17T12:30:44.533000 #41571]  INFO -- : IonLoader.init_server: STARTING
I, [2012-10-17T13:49:44.943000 #41657]  INFO -- : IonLoader.init_server: STARTING
I, [2012-10-17T13:49:49.278000 #41657]  INFO -- : IonLoader.init_server: OK
I, [2012-10-17T13:49:49.461000 #41657]  INFO -- : IonServerLoader.runserver: START
I, [2012-10-17T13:49:49.478000 #41657]  INFO -- : Creating Thread: 'drbthread' - listen on druby://:9119
I, [2012-10-17T13:49:49.488000 #41657]  INFO -- : Creating Thread: 'heartbeat'
I, [2012-10-17T13:49:49.540000 #41657]  INFO -- : HeartBeat: refreshing client 7486e92a-c0a2-3f96-9cdf-1dea72301331
W, [2012-10-17T13:49:49.567000 #41657]  WARN -- : HeartBeat: host down: druby://192.168.1.114:9118 - #<Errno::ECONNREFUSED: Connection refused - Connection refused>
I, [2013-01-30T11:30:21.766000 #15638]  INFO -- : IonLoader.init_server: STARTING
I, [2013-01-30T11:40:02.188000 #16342]  INFO -- : IonLoader.init_server: STARTING
I, [2013-01-30T11:40:07.245000 #16342]  INFO -- : IonLoader.init_server: OK
I, [2013-01-30T11:40:07.333000 #16342]  INFO -- : IonServerLoader.runserver: START
I, [2013-01-30T11:40:07.336000 #16342]  INFO -- : Creating Thread: 'drbthread' - listen on druby://:9119
I, [2013-01-30T11:40:07.338000 #16342]  INFO -- : Creating Thread: 'heartbeat'
I, [2013-01-30T11:40:07.386000 #16342]  INFO -- : HeartBeat: refreshing client 7486e92a-c0a2-3f96-9cdf-1dea72301331
W, [2013-01-30T11:40:07.408000 #16342]  WARN -- : HeartBeat: host down: druby://192.168.1.21:9118 - #<Errno::ECONNREFUSED: Connection refused - Connection refused>
I, [2013-01-30T11:45:07.470000 #16342]  INFO -- : HeartBeat: refreshing client 7486e92a-c0a2-3f96-9cdf-1dea72301331
W, [2013-01-30T11:45:07.476000 #16342]  WARN -- : HeartBeat: host down: druby://192.168.1.21:9118 - #<Errno::ECONNREFUSED: Connection refused - Connection refused>
I, [2013-01-30T13:08:45.292000 #3387]  INFO -- : IonLoader.init_server: STARTING
I, [2013-01-30T13:08:50.760000 #3387]  INFO -- : IonLoader.init_server: OK
I, [2013-01-30T13:08:50.866000 #3387]  INFO -- : IonServerLoader.runserver: START
I, [2013-01-30T13:08:50.869000 #3387]  INFO -- : Creating Thread: 'drbthread' - listen on druby://:9119
I, [2013-01-30T13:08:50.879000 #3387]  INFO -- : Creating Thread: 'heartbeat'
I, [2013-01-30T13:08:50.921000 #3387]  INFO -- : HeartBeat: refreshing client 7486e92a-c0a2-3f96-9cdf-1dea72301331
W, [2013-01-30T13:08:50.931000 #3387]  WARN -- : HeartBeat: host down: druby://192.168.1.21:9118 - #<Errno::ECONNREFUSED: Connection refused - Connection refused>
I, [2013-01-30T13:13:50.995000 #3387]  INFO -- : HeartBeat: refreshing client 7486e92a-c0a2-3f96-9cdf-1dea72301331
W, [2013-01-30T13:13:51.001000 #3387]  WARN -- : HeartBeat: host down: druby://192.168.1.21:9118 - #<Errno::ECONNREFUSED: Connection refused - Connection refused>
I, [2013-01-30T13:18:51.058000 #3387]  INFO -- : HeartBeat: refreshing client 7486e92a-c0a2-3f96-9cdf-1dea72301331
W, [2013-01-30T13:18:51.065000 #3387]  WARN -- : HeartBeat: host down: druby://192.168.1.21:9118 - #<Errno::ECONNREFUSED: Connection refused - Connection refused>
I, [2013-01-30T13:23:51.123000 #3387]  INFO -- : HeartBeat: refreshing client 7486e92a-c0a2-3f96-9cdf-1dea72301331
W, [2013-01-30T13:23:51.130000 #3387]  WARN -- : HeartBeat: host down: druby://192.168.1.21:9118 - #<Errno::ECONNREFUSED: Connection refused - Connection refused>
I, [2013-01-30T13:28:51.175000 #3387]  INFO -- : HeartBeat: refreshing client 7486e92a-c0a2-3f96-9cdf-1dea72301331
W, [2013-01-30T13:28:51.191000 #3387]  WARN -- : HeartBeat: host down: druby://192.168.1.21:9118 - #<Errno::ECONNREFUSED: Connection refused - Connection refused>
I, [2013-01-30T13:33:51.210000 #3387]  INFO -- : HeartBeat: refreshing client 7486e92a-c0a2-3f96-9cdf-1dea72301331
W, [2013-01-30T13:33:51.221000 #3387]  WARN -- : HeartBeat: host down: druby://192.168.1.21:9118 - #<Errno::ECONNREFUSED: Connection refused - Connection refused>
I, [2013-08-12T19:39:07.525000 #5597]  INFO -- : IonLoader.init_server: STARTING
